  [4;36;1mSQL (0.000320)[0m   [0;1m SELECT name
 FROM sqlite_master
 WHERE type = 'table' AND NOT name = 'sqlite_sequence'
[0m

  [4;35;1mSQL (0.011402)[0m   [0mselect sqlite_version(*)[0m

  [4;36;1mSQL (0.002055)[0m   [0;1mCREATE TABLE "schema_migrations" ("version" varchar(255) NOT NULL) [0m

  [4;35;1mSQL (0.001429)[0m   [0mCREATE UNIQUE INDEX "unique_schema_migrations" ON "schema_migrations" ("version")[0m

  [4;36;1mSQL (0.000283)[0m   [0;1m SELECT name
 FROM sqlite_master
 WHERE type = 'table' AND NOT name = 'sqlite_sequence'
[0m

  [4;35;1mSQL (0.000149)[0m   [0mSELECT version FROM schema_migrations[0m

Migrating to AddSessionTable (20080719181114)
  [4;36;1mSQL (0.000090)[0m   [0;1mSELECT version FROM schema_migrations[0m

  [4;35;1mSQL (0.002522)[0m   [0mCREATE TABLE "sessions" ("id" INTEGER PRIMARY KEY AUTOINCREMENT NOT NULL, "session_id" varchar(255) NOT NULL, "data" text DEFAULT NULL NULL, "created_at" datetime DEFAULT NULL NULL, "updated_at" datetime DEFAULT NULL NULL) [0m

  [4;36;1mSQL (0.001874)[0m   [0;1mCREATE INDEX "index_sessions_on_session_id" ON "sessions" ("session_id")[0m

  [4;35;1mSQL (0.001944)[0m   [0mCREATE INDEX "index_sessions_on_updated_at" ON "sessions" ("updated_at")[0m

  [4;36;1mSQL (0.001787)[0m   [0;1mINSERT INTO schema_migrations (version) VALUES ('20080719181114')[0m

  [4;35;1mSQL (0.000283)[0m   [0mSELECT version FROM schema_migrations[0m

  [4;36;1mSQL (0.000226)[0m   [0;1m SELECT name
 FROM sqlite_master
 WHERE type = 'table' AND NOT name = 'sqlite_sequence'
[0m

  [4;35;1mSQL (0.000262)[0m   [0mPRAGMA index_list("sessions")[0m

  [4;36;1mSQL (0.000142)[0m   [0;1mPRAGMA index_info('index_sessions_on_updated_at')[0m

  [4;35;1mSQL (0.000152)[0m   [0mPRAGMA index_info('index_sessions_on_session_id')[0m

